|LOG_LINE| 2018-10-8 18:48:34.266 [ERROR] [DEFAULT_PREFIX|WKWIN2532231]  [default] - [PERFLOG] [PAGE] Method: GET URL: /login Elapsed Time: 1885ms
|LOG_LINE| 2018-10-8 18:49:43.523 [ERROR] [DEFAULT_PREFIX|WKWIN2532231]  [default] - [PERFLOG] [PAGE] Method: GET URL: /login Elapsed Time: 50ms
|LOG_LINE| 2018-10-8 18:50:12.345 [ERROR] [DEFAULT_PREFIX|WKWIN2532231]  [default] - [PERFLOG] [PAGE] Method: GET URL: /login Elapsed Time: 1883ms
|LOG_LINE| 2018-10-8 18:50:19.278 [ERROR] [DEFAULT_PREFIX|WKWIN2532231]  [default] - [PERFLOG] [PAGE] Method: GET URL: /login Elapsed Time: 6ms
|LOG_LINE| 2018-10-8 18:50:19.831 [ERROR] [DEFAULT_PREFIX|WKWIN2532231]  [default] - [PERFLOG] [SERVICE] Method: GET URL: /babel/runtime/node_modules/regenerator-runtime/runtime.js Elapsed Time: 25ms
|LOG_LINE| 2018-10-8 18:50:19.834 [ERROR] [DEFAULT_PREFIX|WKWIN2532231]  [default] - [PERFLOG] [SERVICE] Method: GET URL: /babel/runtime-corejs2/helpers/asyncToGenerator.js Elapsed Time: 25ms
|LOG_LINE| 2018-10-8 18:50:19.833 [ERROR] [DEFAULT_PREFIX|WKWIN2532231]  [default] - [PERFLOG] [SERVICE] Method: GET URL: /babel/runtime-corejs2/node_modules/regenerator-runtime/runtime.js Elapsed Time: 25ms
|LOG_LINE| 2018-10-8 18:50:19.835 [ERROR] [DEFAULT_PREFIX|WKWIN2532231]  [default] - [PERFLOG] [SERVICE] Method: GET URL: /babel/runtime-corejs2/helpers/asyncToGenerator.js Elapsed Time: 24ms
|LOG_LINE| 2018-10-8 18:50:32.181 [ERROR] [DEFAULT_PREFIX|WKWIN2532231]  [default] - [PERFLOG] [PAGE] Method: GET URL: /login Elapsed Time: 80ms
|LOG_LINE| 2018-10-8 18:50:32.752 [ERROR] [DEFAULT_PREFIX|WKWIN2532231]  [default] - [PERFLOG] [SERVICE] Method: GET URL: /babel/runtime-corejs2/node_modules/regenerator-runtime/runtime.js Elapsed Time: 11ms
|LOG_LINE| 2018-10-8 18:50:32.754 [ERROR] [DEFAULT_PREFIX|WKWIN2532231]  [default] - [PERFLOG] [SERVICE] Method: GET URL: /babel/runtime-corejs2/helpers/asyncToGenerator.js Elapsed Time: 12ms
|LOG_LINE| 2018-10-8 18:50:32.757 [ERROR] [DEFAULT_PREFIX|WKWIN2532231]  [default] - [PERFLOG] [SERVICE] Method: GET URL: /babel/runtime-corejs2/helpers/asyncToGenerator.js Elapsed Time: 14ms
|LOG_LINE| 2018-10-8 18:50:35.96 [ERROR] [DEFAULT_PREFIX|WKWIN2532231]  [default] - [PERFLOG] [PAGE] Method: GET URL: /login Elapsed Time: 8ms
|LOG_LINE| 2018-10-8 18:50:35.430 [ERROR] [DEFAULT_PREFIX|WKWIN2532231]  [default] - [PERFLOG] [SERVICE] Method: GET URL: /babel/runtime-corejs2/helpers/asyncToGenerator.js Elapsed Time: 18ms
|LOG_LINE| 2018-10-8 18:50:35.429 [ERROR] [DEFAULT_PREFIX|WKWIN2532231]  [default] - [PERFLOG] [SERVICE] Method: GET URL: /babel/runtime-corejs2/node_modules/regenerator-runtime/runtime.js Elapsed Time: 18ms
|LOG_LINE| 2018-10-8 18:50:35.431 [ERROR] [DEFAULT_PREFIX|WKWIN2532231]  [default] - [PERFLOG] [SERVICE] Method: GET URL: /babel/runtime-corejs2/helpers/asyncToGenerator.js Elapsed Time: 16ms
|LOG_LINE| 2018-10-8 18:52:15.686 [ERROR] [DEFAULT_PREFIX|WKWIN2532231]  [default] - [PERFLOG] [PAGE] Method: GET URL: /login Elapsed Time: 31ms
|LOG_LINE| 2018-10-8 18:52:16.209 [ERROR] [DEFAULT_PREFIX|WKWIN2532231]  [default] - [PERFLOG] [SERVICE] Method: GET URL: /babel/runtime-corejs2/node_modules/regenerator-runtime/runtime.js Elapsed Time: 20ms
|LOG_LINE| 2018-10-8 18:52:16.210 [ERROR] [DEFAULT_PREFIX|WKWIN2532231]  [default] - [PERFLOG] [SERVICE] Method: GET URL: /babel/runtime-corejs2/helpers/asyncToGenerator.js Elapsed Time: 20ms
|LOG_LINE| 2018-10-8 18:52:16.227 [ERROR] [DEFAULT_PREFIX|WKWIN2532231]  [default] - [PERFLOG] [SERVICE] Method: GET URL: /babel/runtime-corejs2/helpers/asyncToGenerator.js Elapsed Time: 36ms
|LOG_LINE| 2018-10-8 19:03:08.913 [ERROR] [DEFAULT_PREFIX|WKWIN2532231]  [default] - [PERFLOG] [PAGE] Method: GET URL: /login Elapsed Time: 102ms
|LOG_LINE| 2018-10-8 19:03:09.729 [ERROR] [DEFAULT_PREFIX|WKWIN2532231]  [default] - [PERFLOG] [SERVICE] Method: GET URL: /babel/runtime/node_modules/regenerator-runtime/runtime.js Elapsed Time: 16ms
|LOG_LINE| 2018-10-8 19:03:09.730 [ERROR] [DEFAULT_PREFIX|WKWIN2532231]  [default] - [PERFLOG] [SERVICE] Method: GET URL: /babel/runtime-corejs2/helpers/asyncToGenerator.js Elapsed Time: 14ms
|LOG_LINE| 2018-10-8 19:03:09.730 [ERROR] [DEFAULT_PREFIX|WKWIN2532231]  [default] - [PERFLOG] [SERVICE] Method: GET URL: /babel/runtime-corejs2/node_modules/regenerator-runtime/runtime.js Elapsed Time: 15ms
|LOG_LINE| 2018-10-8 19:03:09.738 [ERROR] [DEFAULT_PREFIX|WKWIN2532231]  [default] - [PERFLOG] [SERVICE] Method: GET URL: /babel/runtime-corejs2/helpers/asyncToGenerator.js Elapsed Time: 7ms
|LOG_LINE| 2018-10-8 19:03:58.747 [ERROR] [DEFAULT_PREFIX|WKWIN2532231]  [default] - [PERFLOG] [PAGE] Method: GET URL: /login Elapsed Time: 1911ms
|LOG_LINE| 2018-10-8 19:14:47.723 [ERROR] [DEFAULT_PREFIX|WKWIN2532231]  [default] - [PERFLOG] [PAGE] Method: GET URL: /login Elapsed Time: 104ms
|LOG_LINE| 2018-10-8 19:14:48.481 [ERROR] [DEFAULT_PREFIX|WKWIN2532231]  [default] - [PERFLOG] [SERVICE] Method: GET URL: /babel/runtime/node_modules/regenerator-runtime/runtime.js Elapsed Time: 14ms
|LOG_LINE| 2018-10-8 19:14:48.482 [ERROR] [DEFAULT_PREFIX|WKWIN2532231]  [default] - [PERFLOG] [SERVICE] Method: GET URL: /babel/runtime-corejs2/node_modules/regenerator-runtime/runtime.js Elapsed Time: 14ms
|LOG_LINE| 2018-10-8 19:14:48.485 [ERROR] [DEFAULT_PREFIX|WKWIN2532231]  [default] - [PERFLOG] [SERVICE] Method: GET URL: /babel/runtime-corejs2/helpers/asyncToGenerator.js Elapsed Time: 15ms
|LOG_LINE| 2018-10-8 19:14:48.483 [ERROR] [DEFAULT_PREFIX|WKWIN2532231]  [default] - [PERFLOG] [SERVICE] Method: GET URL: /babel/runtime-corejs2/helpers/asyncToGenerator.js Elapsed Time: 14ms
|LOG_LINE| 2018-10-8 19:15:12.893 [ERROR] [DEFAULT_PREFIX|WKWIN2532231]  [default] - [PERFLOG] [PAGE] Method: GET URL: /login Elapsed Time: 7ms
|LOG_LINE| 2018-10-8 19:15:13.425 [ERROR] [DEFAULT_PREFIX|WKWIN2532231]  [default] - [PERFLOG] [SERVICE] Method: GET URL: /babel/runtime/node_modules/regenerator-runtime/runtime.js Elapsed Time: 31ms
|LOG_LINE| 2018-10-8 19:15:13.427 [ERROR] [DEFAULT_PREFIX|WKWIN2532231]  [default] - [PERFLOG] [SERVICE] Method: GET URL: /babel/runtime-corejs2/helpers/asyncToGenerator.js Elapsed Time: 32ms
|LOG_LINE| 2018-10-8 19:15:13.430 [ERROR] [DEFAULT_PREFIX|WKWIN2532231]  [default] - [PERFLOG] [SERVICE] Method: GET URL: /babel/runtime-corejs2/helpers/asyncToGenerator.js Elapsed Time: 32ms
|LOG_LINE| 2018-10-8 19:15:13.432 [ERROR] [DEFAULT_PREFIX|WKWIN2532231]  [default] - [PERFLOG] [SERVICE] Method: GET URL: /babel/runtime-corejs2/node_modules/regenerator-runtime/runtime.js Elapsed Time: 35ms
|LOG_LINE| 2018-10-8 19:15:56.955 [ERROR] [DEFAULT_PREFIX|WKWIN2532231]  [default] - [PERFLOG] [PAGE] Method: GET URL: /login Elapsed Time: 1445ms
|LOG_LINE| 2018-10-8 19:15:56.991 [ERROR] [DEFAULT_PREFIX|WKWIN2532231]  [default] - [PERFLOG] [PAGE] Method: GET URL: /login Elapsed Time: 20ms
|LOG_LINE| 2018-10-8 19:16:12.25 [ERROR] [DEFAULT_PREFIX|WKWIN2532231]  [default] - [PERFLOG] [PAGE] Method: GET URL: /login Elapsed Time: 12ms
|LOG_LINE| 2018-10-8 19:16:13.998 [ERROR] [DEFAULT_PREFIX|WKWIN2532231]  [default] - [PERFLOG] [PAGE] Method: GET URL: /login Elapsed Time: 97ms
|LOG_LINE| 2018-10-8 19:25:24.715 [ERROR] [DEFAULT_PREFIX|WKWIN2532231]  [default] - [PERFLOG] [PAGE] Method: GET URL: /login Elapsed Time: 2804ms
|LOG_LINE| 2018-10-8 19:25:24.755 [ERROR] [DEFAULT_PREFIX|WKWIN2532231]  [default] - [PERFLOG] [PAGE] Method: GET URL: /login Elapsed Time: 21ms
|LOG_LINE| 2018-10-8 19:25:25.279 [ERROR] [DEFAULT_PREFIX|WKWIN2532231]  [default] - [PERFLOG] [SERVICE] Method: GET URL: /babel/runtime-corejs2/node_modules/regenerator-runtime/runtime.js Elapsed Time: 14ms
|LOG_LINE| 2018-10-8 19:25:25.278 [ERROR] [DEFAULT_PREFIX|WKWIN2532231]  [default] - [PERFLOG] [SERVICE] Method: GET URL: /babel/runtime/node_modules/regenerator-runtime/runtime.js Elapsed Time: 14ms
|LOG_LINE| 2018-10-8 19:25:25.280 [ERROR] [DEFAULT_PREFIX|WKWIN2532231]  [default] - [PERFLOG] [SERVICE] Method: GET URL: /babel/runtime-corejs2/helpers/asyncToGenerator.js Elapsed Time: 14ms
|LOG_LINE| 2018-10-8 19:25:25.287 [ERROR] [DEFAULT_PREFIX|WKWIN2532231]  [default] - [PERFLOG] [SERVICE] Method: GET URL: /babel/runtime-corejs2/helpers/asyncToGenerator.js Elapsed Time: 6ms
|LOG_LINE| 2018-10-8 19:26:04.423 [ERROR] [DEFAULT_PREFIX|WKWIN2532231]  [default] - [PERFLOG] [PAGE] Method: GET URL: /login Elapsed Time: 109ms
|LOG_LINE| 2018-10-8 19:26:05.17 [ERROR] [DEFAULT_PREFIX|WKWIN2532231]  [default] - [PERFLOG] [SERVICE] Method: GET URL: /babel/runtime-corejs2/helpers/asyncToGenerator.js Elapsed Time: 20ms
|LOG_LINE| 2018-10-8 19:26:05.14 [ERROR] [DEFAULT_PREFIX|WKWIN2532231]  [default] - [PERFLOG] [SERVICE] Method: GET URL: /babel/runtime/node_modules/regenerator-runtime/runtime.js Elapsed Time: 20ms
|LOG_LINE| 2018-10-8 19:26:05.18 [ERROR] [DEFAULT_PREFIX|WKWIN2532231]  [default] - [PERFLOG] [SERVICE] Method: GET URL: /babel/runtime-corejs2/node_modules/regenerator-runtime/runtime.js Elapsed Time: 22ms
|LOG_LINE| 2018-10-8 19:26:05.16 [ERROR] [DEFAULT_PREFIX|WKWIN2532231]  [default] - [PERFLOG] [SERVICE] Method: GET URL: /babel/runtime-corejs2/helpers/asyncToGenerator.js Elapsed Time: 21ms
|LOG_LINE| 2018-10-8 19:26:52.385 [ERROR] [DEFAULT_PREFIX|WKWIN2532231]  [default] - [PERFLOG] [PAGE] Method: GET URL: /login Elapsed Time: 132ms
|LOG_LINE| 2018-10-8 19:26:53.132 [ERROR] [DEFAULT_PREFIX|WKWIN2532231]  [default] - [PERFLOG] [SERVICE] Method: GET URL: /babel/runtime/node_modules/regenerator-runtime/runtime.js Elapsed Time: 13ms
|LOG_LINE| 2018-10-8 19:26:53.134 [ERROR] [DEFAULT_PREFIX|WKWIN2532231]  [default] - [PERFLOG] [SERVICE] Method: GET URL: /babel/runtime-corejs2/node_modules/regenerator-runtime/runtime.js Elapsed Time: 14ms
|LOG_LINE| 2018-10-8 19:26:53.135 [ERROR] [DEFAULT_PREFIX|WKWIN2532231]  [default] - [PERFLOG] [SERVICE] Method: GET URL: /babel/runtime-corejs2/helpers/asyncToGenerator.js Elapsed Time: 14ms
|LOG_LINE| 2018-10-8 19:26:53.140 [ERROR] [DEFAULT_PREFIX|WKWIN2532231]  [default] - [PERFLOG] [SERVICE] Method: GET URL: /babel/runtime-corejs2/helpers/asyncToGenerator.js Elapsed Time: 4ms
|LOG_LINE| 2018-10-8 19:26:56.731 [ERROR] [DEFAULT_PREFIX|WKWIN2532231]  [default] - [PERFLOG] [PAGE] Method: GET URL: /login Elapsed Time: 5ms
|LOG_LINE| 2018-10-8 19:26:57.155 [ERROR] [DEFAULT_PREFIX|WKWIN2532231]  [default] - [PERFLOG] [SERVICE] Method: GET URL: /babel/runtime-corejs2/node_modules/regenerator-runtime/runtime.js Elapsed Time: 21ms
|LOG_LINE| 2018-10-8 19:26:57.157 [ERROR] [DEFAULT_PREFIX|WKWIN2532231]  [default] - [PERFLOG] [SERVICE] Method: GET URL: /babel/runtime-corejs2/helpers/asyncToGenerator.js Elapsed Time: 22ms
|LOG_LINE| 2018-10-8 19:26:57.153 [ERROR] [DEFAULT_PREFIX|WKWIN2532231]  [default] - [PERFLOG] [SERVICE] Method: GET URL: /babel/runtime/node_modules/regenerator-runtime/runtime.js Elapsed Time: 20ms
|LOG_LINE| 2018-10-8 19:26:57.165 [ERROR] [DEFAULT_PREFIX|WKWIN2532231]  [default] - [PERFLOG] [SERVICE] Method: GET URL: /babel/runtime-corejs2/helpers/asyncToGenerator.js Elapsed Time: 7ms
|LOG_LINE| 2018-10-8 19:28:26.460 [ERROR] [DEFAULT_PREFIX|WKWIN2532231]  [default] - [PERFLOG] [PAGE] Method: GET URL: /login Elapsed Time: 146ms
|LOG_LINE| 2018-10-8 19:28:27.59 [ERROR] [DEFAULT_PREFIX|WKWIN2532231]  [default] - [PERFLOG] [SERVICE] Method: GET URL: /babel/runtime/node_modules/regenerator-runtime/runtime.js Elapsed Time: 10ms
|LOG_LINE| 2018-10-8 19:28:27.61 [ERROR] [DEFAULT_PREFIX|WKWIN2532231]  [default] - [PERFLOG] [SERVICE] Method: GET URL: /babel/runtime-corejs2/node_modules/regenerator-runtime/runtime.js Elapsed Time: 10ms
|LOG_LINE| 2018-10-8 19:28:27.63 [ERROR] [DEFAULT_PREFIX|WKWIN2532231]  [default] - [PERFLOG] [SERVICE] Method: GET URL: /babel/runtime-corejs2/helpers/asyncToGenerator.js Elapsed Time: 12ms
|LOG_LINE| 2018-10-8 19:28:27.72 [ERROR] [DEFAULT_PREFIX|WKWIN2532231]  [default] - [PERFLOG] [SERVICE] Method: GET URL: /babel/runtime-corejs2/helpers/asyncToGenerator.js Elapsed Time: 8ms
|LOG_LINE| 2018-10-8 19:28:49.889 [ERROR] [DEFAULT_PREFIX|WKWIN2532231]  [default] - [PERFLOG] [PAGE] Method: GET URL: /login Elapsed Time: 1817ms
|LOG_LINE| 2018-10-8 19:29:24.238 [ERROR] [DEFAULT_PREFIX|WKWIN2532231]  [default] - [PERFLOG] [PAGE] Method: GET URL: /login Elapsed Time: 6ms
|LOG_LINE| 2018-10-8 19:29:24.785 [ERROR] [DEFAULT_PREFIX|WKWIN2532231]  [default] - [PERFLOG] [SERVICE] Method: GET URL: /babel/runtime/node_modules/regenerator-runtime/runtime.js Elapsed Time: 20ms
|LOG_LINE| 2018-10-8 19:29:24.789 [ERROR] [DEFAULT_PREFIX|WKWIN2532231]  [default] - [PERFLOG] [SERVICE] Method: GET URL: /babel/runtime-corejs2/helpers/asyncToGenerator.js Elapsed Time: 17ms
|LOG_LINE| 2018-10-8 19:29:24.788 [ERROR] [DEFAULT_PREFIX|WKWIN2532231]  [default] - [PERFLOG] [SERVICE] Method: GET URL: /babel/runtime-corejs2/helpers/asyncToGenerator.js Elapsed Time: 18ms
|LOG_LINE| 2018-10-8 19:29:24.786 [ERROR] [DEFAULT_PREFIX|WKWIN2532231]  [default] - [PERFLOG] [SERVICE] Method: GET URL: /babel/runtime-corejs2/node_modules/regenerator-runtime/runtime.js Elapsed Time: 19ms
|LOG_LINE| 2018-10-8 19:29:28.758 [ERROR] [DEFAULT_PREFIX|WKWIN2532231]  [default] - [PERFLOG] [PAGE] Method: GET URL: / Elapsed Time: 1537ms
|LOG_LINE| 2018-10-8 19:29:29.102 [ERROR] [DEFAULT_PREFIX|WKWIN2532231]  [default] - [PERFLOG] [SERVICE] Method: GET URL: /babel/runtime-corejs2/helpers/asyncToGenerator.js Elapsed Time: 12ms
|LOG_LINE| 2018-10-8 19:29:29.101 [ERROR] [DEFAULT_PREFIX|WKWIN2532231]  [default] - [PERFLOG] [SERVICE] Method: GET URL: /babel/runtime-corejs2/node_modules/regenerator-runtime/runtime.js Elapsed Time: 12ms
|LOG_LINE| 2018-10-8 19:29:29.99 [ERROR] [DEFAULT_PREFIX|WKWIN2532231]  [default] - [PERFLOG] [SERVICE] Method: GET URL: /babel/runtime/node_modules/regenerator-runtime/runtime.js Elapsed Time: 11ms
|LOG_LINE| 2018-10-8 19:29:29.106 [ERROR] [DEFAULT_PREFIX|WKWIN2532231]  [default] - [PERFLOG] [SERVICE] Method: GET URL: /babel/runtime-corejs2/helpers/asyncToGenerator.js Elapsed Time: 4ms
|LOG_LINE| 2018-10-8 19:33:00.553 [ERROR] [DEFAULT_PREFIX|WKWIN2532231]  [default] - [PERFLOG] [PAGE] Method: GET URL: / Elapsed Time: 24ms
|LOG_LINE| 2018-10-8 19:33:01.103 [ERROR] [DEFAULT_PREFIX|WKWIN2532231]  [default] - [PERFLOG] [SERVICE] Method: GET URL: /babel/runtime/node_modules/regenerator-runtime/runtime.js Elapsed Time: 14ms
|LOG_LINE| 2018-10-8 19:33:01.106 [ERROR] [DEFAULT_PREFIX|WKWIN2532231]  [default] - [PERFLOG] [SERVICE] Method: GET URL: /babel/runtime-corejs2/helpers/asyncToGenerator.js Elapsed Time: 15ms
|LOG_LINE| 2018-10-8 19:33:01.114 [ERROR] [DEFAULT_PREFIX|WKWIN2532231]  [default] - [PERFLOG] [SERVICE] Method: GET URL: /babel/runtime-corejs2/helpers/asyncToGenerator.js Elapsed Time: 8ms
|LOG_LINE| 2018-10-8 19:33:01.104 [ERROR] [DEFAULT_PREFIX|WKWIN2532231]  [default] - [PERFLOG] [SERVICE] Method: GET URL: /babel/runtime-corejs2/node_modules/regenerator-runtime/runtime.js Elapsed Time: 15ms
|LOG_LINE| 2018-10-8 19:34:24.410 [ERROR] [DEFAULT_PREFIX|WKWIN2532231]  [default] - [PERFLOG] [PAGE] Method: GET URL: / Elapsed Time: 860ms
|LOG_LINE| 2018-10-8 19:34:25.17 [ERROR] [DEFAULT_PREFIX|WKWIN2532231]  [default] - [PERFLOG] [PAGE] Method: GET URL: / Elapsed Time: 19ms
|LOG_LINE| 2018-10-8 19:34:25.614 [ERROR] [DEFAULT_PREFIX|WKWIN2532231]  [default] - [PERFLOG] [SERVICE] Method: GET URL: /babel/runtime/node_modules/regenerator-runtime/runtime.js Elapsed Time: 8ms
|LOG_LINE| 2018-10-8 19:35:13.718 [ERROR] [DEFAULT_PREFIX|WKWIN2532231]  [default] - [PERFLOG] [PAGE] Method: GET URL: / Elapsed Time: 35ms
|LOG_LINE| 2018-10-8 19:35:14.366 [ERROR] [DEFAULT_PREFIX|WKWIN2532231]  [default] - [PERFLOG] [SERVICE] Method: GET URL: /babel/runtime-corejs2/node_modules/regenerator-runtime/runtime.js Elapsed Time: 20ms
|LOG_LINE| 2018-10-8 19:35:14.369 [ERROR] [DEFAULT_PREFIX|WKWIN2532231]  [default] - [PERFLOG] [SERVICE] Method: GET URL: /babel/runtime-corejs2/helpers/asyncToGenerator.js Elapsed Time: 22ms
|LOG_LINE| 2018-10-8 19:35:14.385 [ERROR] [DEFAULT_PREFIX|WKWIN2532231]  [default] - [PERFLOG] [SERVICE] Method: GET URL: /babel/runtime-corejs2/helpers/asyncToGenerator.js Elapsed Time: 15ms
|LOG_LINE| 2018-10-8 19:35:20.642 [ERROR] [DEFAULT_PREFIX|WKWIN2532231]  [default] - [PERFLOG] [PAGE] Method: GET URL: / Elapsed Time: 18ms
|LOG_LINE| 2018-10-8 19:35:21.90 [ERROR] [DEFAULT_PREFIX|WKWIN2532231]  [default] - [PERFLOG] [SERVICE] Method: GET URL: /babel/runtime/node_modules/regenerator-runtime/runtime.js Elapsed Time: 10ms
|LOG_LINE| 2018-10-8 19:35:31.232 [ERROR] [DEFAULT_PREFIX|WKWIN2532231]  [default] - [PERFLOG] [PAGE] Method: GET URL: / Elapsed Time: 32ms
|LOG_LINE| 2018-10-8 19:35:37.514 [ERROR] [DEFAULT_PREFIX|WKWIN2532231]  [default] - [PERFLOG] [PAGE] Method: GET URL: / Elapsed Time: 37ms
|LOG_LINE| 2018-10-8 19:35:37.931 [ERROR] [DEFAULT_PREFIX|WKWIN2532231]  [default] - [PERFLOG] [SERVICE] Method: GET URL: /babel/runtime/node_modules/regenerator-runtime/runtime.js Elapsed Time: 9ms
|LOG_LINE| 2018-10-8 19:37:05.895 [ERROR] [DEFAULT_PREFIX|WKWIN2532231]  [default] - [PERFLOG] [PAGE] Method: GET URL: /login Elapsed Time: 1103ms
|LOG_LINE| 2018-10-8 19:37:06.500 [ERROR] [DEFAULT_PREFIX|WKWIN2532231]  [default] - [PERFLOG] [SERVICE] Method: GET URL: /babel/runtime/node_modules/regenerator-runtime/runtime.js Elapsed Time: 10ms
|LOG_LINE| 2018-10-8 19:37:55.634 [ERROR] [DEFAULT_PREFIX|WKWIN2532231]  [default] - [PERFLOG] [PAGE] Method: GET URL: /login Elapsed Time: 103ms
|LOG_LINE| 2018-10-8 19:38:32.823 [ERROR] [DEFAULT_PREFIX|WKWIN2532231]  [default] - [PERFLOG] [PAGE] Method: GET URL: /login Elapsed Time: 34ms
|LOG_LINE| 2018-10-8 19:38:33.432 [ERROR] [DEFAULT_PREFIX|WKWIN2532231]  [default] - [PERFLOG] [SERVICE] Method: GET URL: /babel/runtime/node_modules/regenerator-runtime/runtime.js Elapsed Time: 13ms
|LOG_LINE| 2018-10-8 19:38:33.434 [ERROR] [DEFAULT_PREFIX|WKWIN2532231]  [default] - [PERFLOG] [SERVICE] Method: GET URL: /babel/runtime-corejs2/helpers/asyncToGenerator.js Elapsed Time: 13ms
|LOG_LINE| 2018-10-8 19:38:33.433 [ERROR] [DEFAULT_PREFIX|WKWIN2532231]  [default] - [PERFLOG] [SERVICE] Method: GET URL: /babel/runtime-corejs2/node_modules/regenerator-runtime/runtime.js Elapsed Time: 13ms
|LOG_LINE| 2018-10-8 19:38:33.442 [ERROR] [DEFAULT_PREFIX|WKWIN2532231]  [default] - [PERFLOG] [SERVICE] Method: GET URL: /babel/runtime-corejs2/helpers/asyncToGenerator.js Elapsed Time: 7ms
|LOG_LINE| 2018-10-8 19:39:20.537 [ERROR] [DEFAULT_PREFIX|WKWIN2532231]  [default] - [PERFLOG] [PAGE] Method: GET URL: /login Elapsed Time: 19ms
|LOG_LINE| 2018-10-8 19:39:21.98 [ERROR] [DEFAULT_PREFIX|WKWIN2532231]  [default] - [PERFLOG] [SERVICE] Method: GET URL: /babel/runtime/node_modules/regenerator-runtime/runtime.js Elapsed Time: 7ms
|LOG_LINE| 2018-10-8 19:39:27.975 [ERROR] [DEFAULT_PREFIX|WKWIN2532231]  [default] - [PERFLOG] [PAGE] Method: GET URL: /login Elapsed Time: 22ms
|LOG_LINE| 2018-10-8 19:40:00.125 [ERROR] [DEFAULT_PREFIX|WKWIN2532231]  [default] - [PERFLOG] [PAGE] Method: GET URL: /login Elapsed Time: 41ms
|LOG_LINE| 2018-10-8 19:41:34.847 [ERROR] [DEFAULT_PREFIX|WKWIN2532231]  [default] - [PERFLOG] [PAGE] Method: GET URL: /login Elapsed Time: 9ms
|LOG_LINE| 2018-10-8 19:42:07.997 [ERROR] [DEFAULT_PREFIX|WKWIN2532231]  [default] - [PERFLOG] [PAGE] Method: GET URL: /login Elapsed Time: 1178ms
|LOG_LINE| 2018-10-8 19:42:08.43 [ERROR] [DEFAULT_PREFIX|WKWIN2532231]  [default] - [PERFLOG] [PAGE] Method: GET URL: /login Elapsed Time: 10ms
|LOG_LINE| 2018-10-8 19:42:28.129 [ERROR] [DEFAULT_PREFIX|WKWIN2532231]  [default] - [PERFLOG] [PAGE] Method: GET URL: /login Elapsed Time: 10ms
|LOG_LINE| 2018-10-8 19:42:45.301 [ERROR] [DEFAULT_PREFIX|WKWIN2532231]  [default] - [PERFLOG] [PAGE] Method: GET URL: /login Elapsed Time: 8ms
|LOG_LINE| 2018-10-8 19:42:57.319 [ERROR] [DEFAULT_PREFIX|WKWIN2532231]  [default] - [PERFLOG] [PAGE] Method: GET URL: /login Elapsed Time: 7ms
|LOG_LINE| 2018-10-8 19:43:56.882 [ERROR] [DEFAULT_PREFIX|WKWIN2532231]  [default] - [PERFLOG] [PAGE] Method: GET URL: /login Elapsed Time: 32ms
|LOG_LINE| 2018-10-8 19:44:26.187 [ERROR] [DEFAULT_PREFIX|WKWIN2532231]  [default] - [PERFLOG] [PAGE] Method: GET URL: /login Elapsed Time: 36ms
|LOG_LINE| 2018-10-8 19:44:59.601 [ERROR] [DEFAULT_PREFIX|WKWIN2532231]  [default] - [PERFLOG] [PAGE] Method: GET URL: /login Elapsed Time: 43ms
|LOG_LINE| 2018-10-8 19:45:00.371 [ERROR] [DEFAULT_PREFIX|WKWIN2532231]  [default] - [PERFLOG] [SERVICE] Method: GET URL: /babel/runtime-corejs2/node_modules/regenerator-runtime/runtime.js Elapsed Time: 21ms
|LOG_LINE| 2018-10-8 19:45:00.373 [ERROR] [DEFAULT_PREFIX|WKWIN2532231]  [default] - [PERFLOG] [SERVICE] Method: GET URL: /babel/runtime-corejs2/helpers/asyncToGenerator.js Elapsed Time: 20ms
|LOG_LINE| 2018-10-8 19:45:00.390 [ERROR] [DEFAULT_PREFIX|WKWIN2532231]  [default] - [PERFLOG] [SERVICE] Method: GET URL: /babel/runtime-corejs2/helpers/asyncToGenerator.js Elapsed Time: 13ms
|LOG_LINE| 2018-10-8 19:45:47.605 [ERROR] [DEFAULT_PREFIX|WKWIN2532231]  [default] - [PERFLOG] [PAGE] Method: GET URL: /login Elapsed Time: 1940ms
|LOG_LINE| 2018-10-8 19:45:47.619 [ERROR] [DEFAULT_PREFIX|WKWIN2532231]  [default] - [PERFLOG] [PAGE] Method: GET URL: /login Elapsed Time: 7ms
|LOG_LINE| 2018-10-8 19:45:48.372 [ERROR] [DEFAULT_PREFIX|WKWIN2532231]  [default] - [PERFLOG] [SERVICE] Method: GET URL: /babel/runtime-corejs2/node_modules/regenerator-runtime/runtime.js Elapsed Time: 22ms
|LOG_LINE| 2018-10-8 19:45:48.371 [ERROR] [DEFAULT_PREFIX|WKWIN2532231]  [default] - [PERFLOG] [SERVICE] Method: GET URL: /babel/runtime/node_modules/regenerator-runtime/runtime.js Elapsed Time: 23ms
|LOG_LINE| 2018-10-8 19:45:48.374 [ERROR] [DEFAULT_PREFIX|WKWIN2532231]  [default] - [PERFLOG] [SERVICE] Method: GET URL: /babel/runtime-corejs2/helpers/asyncToGenerator.js Elapsed Time: 21ms
|LOG_LINE| 2018-10-8 19:45:48.375 [ERROR] [DEFAULT_PREFIX|WKWIN2532231]  [default] - [PERFLOG] [SERVICE] Method: GET URL: /babel/runtime-corejs2/helpers/asyncToGenerator.js Elapsed Time: 22ms
|LOG_LINE| 2018-10-8 19:46:06.944 [ERROR] [DEFAULT_PREFIX|WKWIN2532231]  [default] - [PERFLOG] [PAGE] Method: GET URL: /login Elapsed Time: 4ms
|LOG_LINE| 2018-10-8 19:46:07.690 [ERROR] [DEFAULT_PREFIX|WKWIN2532231]  [default] - [PERFLOG] [SERVICE] Method: GET URL: /babel/runtime/node_modules/regenerator-runtime/runtime.js Elapsed Time: 16ms
|LOG_LINE| 2018-10-8 19:46:07.693 [ERROR] [DEFAULT_PREFIX|WKWIN2532231]  [default] - [PERFLOG] [SERVICE] Method: GET URL: /babel/runtime-corejs2/helpers/asyncToGenerator.js Elapsed Time: 18ms
|LOG_LINE| 2018-10-8 19:46:07.692 [ERROR] [DEFAULT_PREFIX|WKWIN2532231]  [default] - [PERFLOG] [SERVICE] Method: GET URL: /babel/runtime-corejs2/node_modules/regenerator-runtime/runtime.js Elapsed Time: 18ms
|LOG_LINE| 2018-10-8 19:46:07.706 [ERROR] [DEFAULT_PREFIX|WKWIN2532231]  [default] - [PERFLOG] [SERVICE] Method: GET URL: /babel/runtime-corejs2/helpers/asyncToGenerator.js Elapsed Time: 9ms
|LOG_LINE| 2018-10-8 19:46:20.558 [ERROR] [DEFAULT_PREFIX|WKWIN2532231]  [default] - [PERFLOG] [PAGE] Method: GET URL: /login Elapsed Time: 2187ms
|LOG_LINE| 2018-10-8 19:46:20.588 [ERROR] [DEFAULT_PREFIX|WKWIN2532231]  [default] - [PERFLOG] [PAGE] Method: GET URL: /login Elapsed Time: 23ms
|LOG_LINE| 2018-10-8 19:46:20.589 [ERROR] [DEFAULT_PREFIX|WKWIN2532231]  [default] - [PERFLOG] [PAGE] Method: GET URL: /login Elapsed Time: 19ms
|LOG_LINE| 2018-10-8 19:46:57.587 [ERROR] [DEFAULT_PREFIX|WKWIN2532231]  [default] - [PERFLOG] [PAGE] Method: GET URL: /login Elapsed Time: 50ms
|LOG_LINE| 2018-10-8 19:46:58.394 [ERROR] [DEFAULT_PREFIX|WKWIN2532231]  [default] - [PERFLOG] [SERVICE] Method: GET URL: /babel/runtime-corejs2/helpers/asyncToGenerator.js Elapsed Time: 16ms
|LOG_LINE| 2018-10-8 19:46:58.392 [ERROR] [DEFAULT_PREFIX|WKWIN2532231]  [default] - [PERFLOG] [SERVICE] Method: GET URL: /babel/runtime-corejs2/node_modules/regenerator-runtime/runtime.js Elapsed Time: 16ms
|LOG_LINE| 2018-10-8 19:46:58.395 [ERROR] [DEFAULT_PREFIX|WKWIN2532231]  [default] - [PERFLOG] [SERVICE] Method: GET URL: /babel/runtime-corejs2/helpers/asyncToGenerator.js Elapsed Time: 17ms
|LOG_LINE| 2018-10-8 19:51:56.339 [ERROR] [DEFAULT_PREFIX|WKWIN2532231]  [default] - [PERFLOG] [PAGE] Method: GET URL: /login Elapsed Time: 117ms
|LOG_LINE| 2018-10-8 19:51:57.242 [ERROR] [DEFAULT_PREFIX|WKWIN2532231]  [default] - [PERFLOG] [SERVICE] Method: GET URL: /babel/runtime-corejs2/node_modules/regenerator-runtime/runtime.js Elapsed Time: 15ms
|LOG_LINE| 2018-10-8 19:51:57.244 [ERROR] [DEFAULT_PREFIX|WKWIN2532231]  [default] - [PERFLOG] [SERVICE] Method: GET URL: /babel/runtime-corejs2/helpers/asyncToGenerator.js Elapsed Time: 16ms
|LOG_LINE| 2018-10-8 19:51:57.243 [ERROR] [DEFAULT_PREFIX|WKWIN2532231]  [default] - [PERFLOG] [SERVICE] Method: GET URL: /babel/runtime-corejs2/helpers/asyncToGenerator.js Elapsed Time: 16ms
|LOG_LINE| 2018-10-8 19:52:08.631 [ERROR] [DEFAULT_PREFIX|WKWIN2532231]  [default] - [PERFLOG] [PAGE] Method: GET URL: /login Elapsed Time: 1219ms
|LOG_LINE| 2018-10-8 19:52:28.396 [ERROR] [DEFAULT_PREFIX|WKWIN2532231]  [default] - [PERFLOG] [PAGE] Method: GET URL: /login Elapsed Time: 6ms
|LOG_LINE| 2018-10-8 19:52:28.411 [ERROR] [DEFAULT_PREFIX|WKWIN2532231]  [default] - [PERFLOG] [PAGE] Method: GET URL: /login Elapsed Time: 5ms
|LOG_LINE| 2018-10-8 19:52:29.132 [ERROR] [DEFAULT_PREFIX|WKWIN2532231]  [default] - [PERFLOG] [SERVICE] Method: GET URL: /babel/parser/lib/index.js Elapsed Time: 11ms
|LOG_LINE| 2018-10-8 19:52:29.135 [ERROR] [DEFAULT_PREFIX|WKWIN2532231]  [default] - [PERFLOG] [SERVICE] Method: GET URL: /internal/process/next_tick.js Elapsed Time: 9ms
|LOG_LINE| 2018-10-8 19:53:06.959 [ERROR] [DEFAULT_PREFIX|WKWIN2532231]  [default] - [PERFLOG] [PAGE] Method: GET URL: /login Elapsed Time: 7ms
|LOG_LINE| 2018-10-8 19:53:06.964 [ERROR] [DEFAULT_PREFIX|WKWIN2532231]  [default] - [PERFLOG] [PAGE] Method: GET URL: /login Elapsed Time: 3ms
|LOG_LINE| 2018-10-8 19:53:07.673 [ERROR] [DEFAULT_PREFIX|WKWIN2532231]  [default] - [PERFLOG] [SERVICE] Method: GET URL: /babel/parser/lib/index.js Elapsed Time: 11ms
|LOG_LINE| 2018-10-8 19:53:07.676 [ERROR] [DEFAULT_PREFIX|WKWIN2532231]  [default] - [PERFLOG] [SERVICE] Method: GET URL: /internal/process/next_tick.js Elapsed Time: 10ms
|LOG_LINE| 2018-10-8 19:53:19.1 [ERROR] [DEFAULT_PREFIX|WKWIN2532231]  [default] - [PERFLOG] [PAGE] Method: GET URL: /login Elapsed Time: 194ms
|LOG_LINE| 2018-10-8 19:53:19.769 [ERROR] [DEFAULT_PREFIX|WKWIN2532231]  [default] - [PERFLOG] [SERVICE] Method: GET URL: /babel/runtime-corejs2/node_modules/regenerator-runtime/runtime.js Elapsed Time: 15ms
|LOG_LINE| 2018-10-8 19:53:19.773 [ERROR] [DEFAULT_PREFIX|WKWIN2532231]  [default] - [PERFLOG] [SERVICE] Method: GET URL: /babel/runtime-corejs2/helpers/asyncToGenerator.js Elapsed Time: 16ms
|LOG_LINE| 2018-10-8 19:53:19.771 [ERROR] [DEFAULT_PREFIX|WKWIN2532231]  [default] - [PERFLOG] [SERVICE] Method: GET URL: /babel/runtime-corejs2/helpers/asyncToGenerator.js Elapsed Time: 16ms
|LOG_LINE| 2018-10-8 19:54:53.25 [ERROR] [DEFAULT_PREFIX|WKWIN2532231]  [default] - [PERFLOG] [PAGE] Method: GET URL: /login Elapsed Time: 138ms
|LOG_LINE| 2018-10-8 19:54:53.804 [ERROR] [DEFAULT_PREFIX|WKWIN2532231]  [default] - [PERFLOG] [SERVICE] Method: GET URL: /babel/runtime-corejs2/node_modules/regenerator-runtime/runtime.js Elapsed Time: 10ms
|LOG_LINE| 2018-10-8 19:54:53.805 [ERROR] [DEFAULT_PREFIX|WKWIN2532231]  [default] - [PERFLOG] [SERVICE] Method: GET URL: /babel/runtime-corejs2/helpers/asyncToGenerator.js Elapsed Time: 10ms
|LOG_LINE| 2018-10-8 19:54:53.817 [ERROR] [DEFAULT_PREFIX|WKWIN2532231]  [default] - [PERFLOG] [SERVICE] Method: GET URL: /babel/runtime-corejs2/helpers/asyncToGenerator.js Elapsed Time: 11ms
|LOG_LINE| 2018-10-8 19:56:24.56 [ERROR] [DEFAULT_PREFIX|WKWIN2532231]  [default] - [PERFLOG] [PAGE] Method: GET URL: /login Elapsed Time: 118ms
|LOG_LINE| 2018-10-8 19:56:25.4 [ERROR] [DEFAULT_PREFIX|WKWIN2532231]  [default] - [PERFLOG] [SERVICE] Method: GET URL: /babel/runtime-corejs2/node_modules/regenerator-runtime/runtime.js Elapsed Time: 20ms
|LOG_LINE| 2018-10-8 19:56:25.7 [ERROR] [DEFAULT_PREFIX|WKWIN2532231]  [default] - [PERFLOG] [SERVICE] Method: GET URL: /babel/runtime-corejs2/helpers/asyncToGenerator.js Elapsed Time: 20ms
|LOG_LINE| 2018-10-8 19:56:25.8 [ERROR] [DEFAULT_PREFIX|WKWIN2532231]  [default] - [PERFLOG] [SERVICE] Method: GET URL: /babel/runtime-corejs2/helpers/asyncToGenerator.js Elapsed Time: 21ms
|LOG_LINE| 2018-10-8 19:56:41.718 [ERROR] [DEFAULT_PREFIX|WKWIN2532231]  [default] - [PERFLOG] [PAGE] Method: GET URL: /login Elapsed Time: 6ms
|LOG_LINE| 2018-10-8 19:56:42.468 [ERROR] [DEFAULT_PREFIX|WKWIN2532231]  [default] - [PERFLOG] [SERVICE] Method: GET URL: /internal/process/next_tick.js Elapsed Time: 5ms
|LOG_LINE| 2018-10-8 19:57:19.667 [ERROR] [DEFAULT_PREFIX|WKWIN2532231]  [default] - [PERFLOG] [PAGE] Method: GET URL: /login Elapsed Time: 149ms
|LOG_LINE| 2018-10-8 19:57:20.475 [ERROR] [DEFAULT_PREFIX|WKWIN2532231]  [default] - [PERFLOG] [SERVICE] Method: GET URL: /babel/runtime-corejs2/helpers/asyncToGenerator.js Elapsed Time: 12ms
|LOG_LINE| 2018-10-8 19:57:20.473 [ERROR] [DEFAULT_PREFIX|WKWIN2532231]  [default] - [PERFLOG] [SERVICE] Method: GET URL: /babel/runtime-corejs2/node_modules/regenerator-runtime/runtime.js Elapsed Time: 12ms
|LOG_LINE| 2018-10-8 19:57:20.474 [ERROR] [DEFAULT_PREFIX|WKWIN2532231]  [default] - [PERFLOG] [SERVICE] Method: GET URL: /babel/runtime-corejs2/helpers/asyncToGenerator.js Elapsed Time: 12ms
|LOG_LINE| 2018-10-8 19:57:38.991 [ERROR] [DEFAULT_PREFIX|WKWIN2532231]  [default] - [PERFLOG] [PAGE] Method: GET URL: /login Elapsed Time: 100ms
|LOG_LINE| 2018-10-8 19:57:39.777 [ERROR] [DEFAULT_PREFIX|WKWIN2532231]  [default] - [PERFLOG] [SERVICE] Method: GET URL: /babel/runtime-corejs2/node_modules/regenerator-runtime/runtime.js Elapsed Time: 16ms
|LOG_LINE| 2018-10-8 19:57:39.779 [ERROR] [DEFAULT_PREFIX|WKWIN2532231]  [default] - [PERFLOG] [SERVICE] Method: GET URL: /babel/runtime-corejs2/helpers/asyncToGenerator.js Elapsed Time: 17ms
|LOG_LINE| 2018-10-8 19:57:39.797 [ERROR] [DEFAULT_PREFIX|WKWIN2532231]  [default] - [PERFLOG] [SERVICE] Method: GET URL: /babel/runtime-corejs2/helpers/asyncToGenerator.js Elapsed Time: 15ms
|LOG_LINE| 2018-10-8 19:58:24.103 [ERROR] [DEFAULT_PREFIX|WKWIN2532231]  [default] - [PERFLOG] [PAGE] Method: GET URL: /login Elapsed Time: 17ms
|LOG_LINE| 2018-10-8 19:58:46.833 [ERROR] [DEFAULT_PREFIX|WKWIN2532231]  [default] - [PERFLOG] [PAGE] Method: GET URL: /login Elapsed Time: 5ms
|LOG_LINE| 2018-10-8 20:00:17.384 [ERROR] [DEFAULT_PREFIX|WKWIN2532231]  [default] - [PERFLOG] [PAGE] Method: GET URL: /login Elapsed Time: 103ms
|LOG_LINE| 2018-10-8 20:00:18.348 [ERROR] [DEFAULT_PREFIX|WKWIN2532231]  [default] - [PERFLOG] [SERVICE] Method: GET URL: /babel/runtime-corejs2/node_modules/regenerator-runtime/runtime.js Elapsed Time: 18ms
|LOG_LINE| 2018-10-8 20:00:18.350 [ERROR] [DEFAULT_PREFIX|WKWIN2532231]  [default] - [PERFLOG] [SERVICE] Method: GET URL: /babel/runtime-corejs2/helpers/asyncToGenerator.js Elapsed Time: 19ms
|LOG_LINE| 2018-10-8 20:00:18.351 [ERROR] [DEFAULT_PREFIX|WKWIN2532231]  [default] - [PERFLOG] [SERVICE] Method: GET URL: /babel/runtime-corejs2/helpers/asyncToGenerator.js Elapsed Time: 19ms
|LOG_LINE| 2018-10-8 20:00:54.301 [ERROR] [DEFAULT_PREFIX|WKWIN2532231]  [default] - [PERFLOG] [PAGE] Method: GET URL: /login Elapsed Time: 126ms
|LOG_LINE| 2018-10-8 20:00:55.220 [ERROR] [DEFAULT_PREFIX|WKWIN2532231]  [default] - [PERFLOG] [SERVICE] Method: GET URL: /babel/runtime-corejs2/node_modules/regenerator-runtime/runtime.js Elapsed Time: 12ms
|LOG_LINE| 2018-10-8 20:00:55.241 [ERROR] [DEFAULT_PREFIX|WKWIN2532231]  [default] - [PERFLOG] [SERVICE] Method: GET URL: /babel/runtime-corejs2/helpers/asyncToGenerator.js Elapsed Time: 20ms
|LOG_LINE| 2018-10-8 20:00:55.261 [ERROR] [DEFAULT_PREFIX|WKWIN2532231]  [default] - [PERFLOG] [SERVICE] Method: GET URL: /babel/runtime-corejs2/helpers/asyncToGenerator.js Elapsed Time: 32ms
|LOG_LINE| 2018-10-8 20:02:39.745 [ERROR] [DEFAULT_PREFIX|WKWIN2532231]  [default] - [PERFLOG] [PAGE] Method: GET URL: /login Elapsed Time: 126ms
|LOG_LINE| 2018-10-8 20:02:40.631 [ERROR] [DEFAULT_PREFIX|WKWIN2532231]  [default] - [PERFLOG] [SERVICE] Method: GET URL: /babel/runtime-corejs2/node_modules/regenerator-runtime/runtime.js Elapsed Time: 15ms
|LOG_LINE| 2018-10-8 20:02:40.633 [ERROR] [DEFAULT_PREFIX|WKWIN2532231]  [default] - [PERFLOG] [SERVICE] Method: GET URL: /babel/runtime-corejs2/helpers/asyncToGenerator.js Elapsed Time: 16ms
|LOG_LINE| 2018-10-8 20:02:40.648 [ERROR] [DEFAULT_PREFIX|WKWIN2532231]  [default] - [PERFLOG] [SERVICE] Method: GET URL: /babel/runtime-corejs2/helpers/asyncToGenerator.js Elapsed Time: 13ms
|LOG_LINE| 2018-10-8 20:03:19.844 [ERROR] [DEFAULT_PREFIX|WKWIN2532231]  [default] - [PERFLOG] [PAGE] Method: GET URL: /login Elapsed Time: 108ms
|LOG_LINE| 2018-10-8 20:03:20.708 [ERROR] [DEFAULT_PREFIX|WKWIN2532231]  [default] - [PERFLOG] [SERVICE] Method: GET URL: /babel/runtime-corejs2/node_modules/regenerator-runtime/runtime.js Elapsed Time: 17ms
|LOG_LINE| 2018-10-8 20:03:20.709 [ERROR] [DEFAULT_PREFIX|WKWIN2532231]  [default] - [PERFLOG] [SERVICE] Method: GET URL: /babel/runtime-corejs2/helpers/asyncToGenerator.js Elapsed Time: 16ms
|LOG_LINE| 2018-10-8 20:03:20.712 [ERROR] [DEFAULT_PREFIX|WKWIN2532231]  [default] - [PERFLOG] [SERVICE] Method: GET URL: /babel/runtime-corejs2/helpers/asyncToGenerator.js Elapsed Time: 16ms
|LOG_LINE| 2018-10-8 20:04:14.445 [ERROR] [DEFAULT_PREFIX|WKWIN2532231]  [default] - [PERFLOG] [PAGE] Method: GET URL: /login Elapsed Time: 129ms
|LOG_LINE| 2018-10-8 20:09:06.231 [ERROR] [DEFAULT_PREFIX|WKWIN2532231]  [default] - [PERFLOG] [PAGE] Method: GET URL: /login Elapsed Time: 1898ms
|LOG_LINE| 2018-10-8 20:09:06.980 [ERROR] [DEFAULT_PREFIX|WKWIN2532231]  [default] - [PERFLOG] [SERVICE] Method: GET URL: /babel/runtime/node_modules/regenerator-runtime/runtime.js Elapsed Time: 31ms
|LOG_LINE| 2018-10-8 20:09:06.981 [ERROR] [DEFAULT_PREFIX|WKWIN2532231]  [default] - [PERFLOG] [SERVICE] Method: GET URL: /babel/runtime-corejs2/node_modules/regenerator-runtime/runtime.js Elapsed Time: 29ms
|LOG_LINE| 2018-10-8 20:09:06.981 [ERROR] [DEFAULT_PREFIX|WKWIN2532231]  [default] - [PERFLOG] [SERVICE] Method: GET URL: /babel/runtime-corejs2/helpers/asyncToGenerator.js Elapsed Time: 26ms
|LOG_LINE| 2018-10-8 20:09:06.982 [ERROR] [DEFAULT_PREFIX|WKWIN2532231]  [default] - [PERFLOG] [SERVICE] Method: GET URL: /babel/runtime-corejs2/helpers/asyncToGenerator.js Elapsed Time: 27ms
|LOG_LINE| 2018-10-8 20:09:38.644 [ERROR] [DEFAULT_PREFIX|WKWIN2532231]  [default] - [PERFLOG] [PAGE] Method: GET URL: /login Elapsed Time: 4ms
|LOG_LINE| 2018-10-8 20:09:39.298 [ERROR] [DEFAULT_PREFIX|WKWIN2532231]  [default] - [PERFLOG] [SERVICE] Method: GET URL: /babel/runtime/node_modules/regenerator-runtime/runtime.js Elapsed Time: 15ms
|LOG_LINE| 2018-10-8 20:09:39.300 [ERROR] [DEFAULT_PREFIX|WKWIN2532231]  [default] - [PERFLOG] [SERVICE] Method: GET URL: /babel/runtime-corejs2/node_modules/regenerator-runtime/runtime.js Elapsed Time: 15ms
|LOG_LINE| 2018-10-8 20:09:39.302 [ERROR] [DEFAULT_PREFIX|WKWIN2532231]  [default] - [PERFLOG] [SERVICE] Method: GET URL: /babel/runtime-corejs2/helpers/asyncToGenerator.js Elapsed Time: 16ms
|LOG_LINE| 2018-10-8 20:09:39.312 [ERROR] [DEFAULT_PREFIX|WKWIN2532231]  [default] - [PERFLOG] [SERVICE] Method: GET URL: /babel/runtime-corejs2/helpers/asyncToGenerator.js Elapsed Time: 9ms
|LOG_LINE| 2018-10-8 20:09:56.510 [ERROR] [DEFAULT_PREFIX|WKWIN2532231]  [default] - [PERFLOG] [PAGE] Method: GET URL: /login Elapsed Time: 1234ms
|LOG_LINE| 2018-10-8 20:09:56.550 [ERROR] [DEFAULT_PREFIX|WKWIN2532231]  [default] - [PERFLOG] [PAGE] Method: GET URL: /login Elapsed Time: 25ms
|LOG_LINE| 2018-10-8 20:10:40.858 [ERROR] [DEFAULT_PREFIX|WKWIN2532231]  [default] - [PERFLOG] [PAGE] Method: GET URL: /login Elapsed Time: 14ms
|LOG_LINE| 2018-10-8 20:12:05.888 [ERROR] [DEFAULT_PREFIX|WKWIN2532231]  [default] - [PERFLOG] [PAGE] Method: GET URL: /login Elapsed Time: 67ms
